<?xml version="1.0" encoding="UTF-8"?>
<testsuite name="lk.asanka.orders.OrderServiceApplicationTests" tests="1" skipped="0" failures="0" errors="0" timestamp="2026-08-19T17:05:41.743Z" hostname="Lawrences-MacBook-Pro.local" time="0.946">
  <properties/>
  <testcase name="contextLoads()" classname="lk.asanka.orders.OrderServiceApplicationTests" time="0.302"/>
  <system-out><![CDATA[19:05:41.792 [Test worker] INFO org.springframework.test.context.support.AnnotationConfigContextLoaderUtils -- Could not detect default configuration classes for test class [lk.asanka.orders.OrderServiceApplicationTests]: OrderServiceApplicationTests does not declare any static, non-private, non-final, nested classes annotated with @Configuration.
19:05:41.820 [Test worker] INFO org.springframework.boot.test.context.SpringBootTestContextBootstrapper -- Found @SpringBootConfiguration lk.asanka.orders.OrderServiceApplication for test class lk.asanka.orders.OrderServiceApplicationTests
19:05:41.846 [Test worker] INFO org.springframework.test.context.support.AnnotationConfigContextLoaderUtils -- Could not detect default configuration classes for test class [lk.asanka.orders.OrderServiceApplicationTests]: OrderServiceApplicationTests does not declare any static, non-private, non-final, nested classes annotated with @Configuration.
19:05:41.847 [Test worker] INFO org.springframework.boot.test.context.SpringBootTestContextBootstrapper -- Found @SpringBootConfiguration lk.asanka.orders.OrderServiceApplication for test class lk.asanka.orders.OrderServiceApplicationTests

  .   ____          _            __ _ _
 /\\ / ___'_ __ _ _(_)_ __  __ _ \ \ \ \
( ( )\___ | '_ | '_| | '_ \/ _` | \ \ \ \
 \\/  ___)| |_)| | | | | || (_| |  ) ) ) )
  '  |____| .__|_| |_|_| |_\__, | / / / /
 =========|_|==============|___/=/_/_/_/

 :: Spring Boot ::                (v4.1.0)

2026-08-19T19:05:41.949+02:00  INFO 52888 --- [order-service] [    Test worker] l.a.orders.OrderServiceApplicationTests  : Starting OrderServiceApplicationTests using Java 21.0.8 with PID 52888 (started by asanka in /Users/asanka/Learning/Java/order-payment-platform/services/order-service)
2026-08-19T19:05:41.949+02:00  INFO 52888 --- [order-service] [    Test worker] l.a.orders.OrderServiceApplicationTests  : No active profile set, falling back to 1 default profile: "default"
2026-08-19T19:05:42.342+02:00  INFO 52888 --- [order-service] [    Test worker] o.s.b.a.e.web.EndpointLinksResolver      : Exposing 1 endpoint beneath base path '/actuator'
2026-08-19T19:05:42.358+02:00  INFO 52888 --- [order-service] [    Test worker] l.a.orders.OrderServiceApplicationTests  : Started OrderServiceApplicationTests in 0.495 seconds (process running for 0.889)
]]></system-out>
  <system-err><![CDATA[Mockito is currently self-attaching to enable the inline-mock-maker. This will no longer work in future releases of the JDK. Please add Mockito as an agent to your build as described in Mockito's documentation: https://javadoc.io/doc/org.mockito/mockito-core/latest/org.mockito/org/mockito/Mockito.html#0.3
WARNING: A Java agent has been loaded dynamically (/Users/asanka/.gradle/caches/modules-2/files-2.1/net.bytebuddy/byte-buddy-agent/1.18.10/9426d28828bdcdf42666bb7a68c468279ea78f59/byte-buddy-agent-1.18.10.jar)
WARNING: If a serviceability tool is in use, please run with -XX:+EnableDynamicAgentLoading to hide this warning
WARNING: If a serviceability tool is not in use, please run with -Djdk.instrument.traceUsage for more information
WARNING: Dynamic loading of agents will be disallowed by default in a future release
]]></system-err>
</testsuite>
